<html>
<head>
<title>TestNG:  Surefire test</title>
<link href="../testng.css" rel="stylesheet" type="text/css" />
<link href="../my-testng.css" rel="stylesheet" type="text/css" />

<style type="text/css">
.log { display: none;} 
.stack-trace { display: none;} 
</style>
<script type="text/javascript">
<!--
function flip(e) {
  current = e.style.display;
  if (current == 'block') {
    e.style.display = 'none';
    return 0;
  }
  else {
    e.style.display = 'block';
    return 1;
  }
}

function toggleBox(szDivId, elem, msg1, msg2)
{
  var res = -1;  if (document.getElementById) {
    res = flip(document.getElementById(szDivId));
  }
  else if (document.all) {
    // this is the way old msie versions work
    res = flip(document.all[szDivId]);
  }
  if(elem) {
    if(res == 0) elem.innerHTML = msg1; else elem.innerHTML = msg2;
  }

}

function toggleAllBoxes() {
  if (document.getElementsByTagName) {
    d = document.getElementsByTagName('div');
    for (i = 0; i < d.length; i++) {
      if (d[i].className == 'log') {
        flip(d[i]);
      }
    }
  }
}

// -->
</script>

</head>
<body>
<h2 align='center'>Surefire test</h2><table border='1' align="center">
<tr>
<td>Tests passed/Failed/Skipped:</td><td>8/1/0</td>
</tr><tr>
<td>Started on:</td><td>Mon Mar 18 16:11:22 EET 2024</td>
</tr>
<tr><td>Total time:</td><td>0 seconds (96 ms)</td>
</tr><tr>
<td>Included groups:</td><td></td>
</tr><tr>
<td>Excluded groups:</td><td></td>
</tr>
</table><p/>
<small><i>(Hover the method name to see the test class name)</i></small><p/>
<table width='100%' border='1' class='invocation-failed'>
<tr><td colspan='4' align='center'><b>FAILED TESTS</b></td></tr>
<tr><td><b>Test method</b></td>
<td><b>Attribute(s)</b></td>
<td width="30%"><b>Exception</b></td>
<td width="10%"><b>Time (seconds)</b></td>
<td><b>Instance</b></td>
</tr>
<tr>
<td title='MainRunnerTest.testCheckUsersWithSorA()'><b>testCheckUsersWithSorA</b><br>Test class: MainRunnerTest<br>Test method: Negative test for checking users, returning an empty list<br>Parameters: null</td>
<td><div><pre>java.lang.AssertionError: NullPointerException occurred: Cannot invoke &quot;java.util.List.stream()&quot; because &quot;users&quot; is null
	at MainRunnerTest.testCheckUsersWithSorA(MainRunnerTest.java:143)
	at java.base/java.util.ArrayList.forEach(ArrayList.java:1596)
... Removed 31 stack frames</pre></div><a href='#' onClick='toggleBox("stack-trace1896074070", this, "Click to show all stack frames", "Click to hide stack frames")'>Click to show all stack frames</a>
<div class='stack-trace' id='stack-trace1896074070'><pre>java.lang.AssertionError: NullPointerException occurred: Cannot invoke &quot;java.util.List.stream()&quot; because &quot;users&quot; is null
	at org.testng.Assert.fail(Assert.java:111)
	at MainRunnerTest.testCheckUsersWithSorA(MainRunnerTest.java:143)
	at java.base/jdk.internal.reflect.DirectMethodHandleAccessor.invoke(DirectMethodHandleAccessor.java:103)
	at java.base/java.lang.reflect.Method.invoke(Method.java:580)
	at org.testng.internal.invokers.MethodInvocationHelper.invokeMethod(MethodInvocationHelper.java:139)
	at org.testng.internal.invokers.TestInvoker.invokeMethod(TestInvoker.java:664)
	at org.testng.internal.invokers.TestInvoker.invokeTestMethod(TestInvoker.java:228)
	at org.testng.internal.invokers.MethodRunner.runInSequence(MethodRunner.java:63)
	at org.testng.internal.invokers.TestInvoker$MethodInvocationAgent.invoke(TestInvoker.java:961)
	at org.testng.internal.invokers.TestInvoker.invokeTestMethods(TestInvoker.java:201)
	at org.testng.internal.invokers.TestMethodWorker.invokeTestMethods(TestMethodWorker.java:148)
	at org.testng.internal.invokers.TestMethodWorker.run(TestMethodWorker.java:128)
	at java.base/java.util.ArrayList.forEach(ArrayList.java:1596)
	at org.testng.TestRunner.privateRun(TestRunner.java:819)
	at org.testng.TestRunner.run(TestRunner.java:619)
	at org.testng.SuiteRunner.runTest(SuiteRunner.java:443)
	at org.testng.SuiteRunner.runSequentially(SuiteRunner.java:437)
	at org.testng.SuiteRunner.privateRun(SuiteRunner.java:397)
	at org.testng.SuiteRunner.run(SuiteRunner.java:336)
	at org.testng.SuiteRunnerWorker.runSuite(SuiteRunnerWorker.java:52)
	at org.testng.SuiteRunnerWorker.run(SuiteRunnerWorker.java:95)
	at org.testng.TestNG.runSuitesSequentially(TestNG.java:1301)
	at org.testng.TestNG.runSuitesLocally(TestNG.java:1228)
	at org.testng.TestNG.runSuites(TestNG.java:1134)
	at org.testng.TestNG.run(TestNG.java:1101)
	at org.apache.maven.surefire.testng.TestNGExecutor.run(TestNGExecutor.java:155)
	at org.apache.maven.surefire.testng.TestNGDirectoryTestSuite.executeSingleClass(TestNGDirectoryTestSuite.java:102)
	at org.apache.maven.surefire.testng.TestNGDirectoryTestSuite.execute(TestNGDirectoryTestSuite.java:91)
	at org.apache.maven.surefire.testng.TestNGProvider.invoke(TestNGProvider.java:137)
	at org.apache.maven.surefire.booter.ForkedBooter.runSuitesInProcess(ForkedBooter.java:385)
	at org.apache.maven.surefire.booter.ForkedBooter.execute(ForkedBooter.java:162)
	at org.apache.maven.surefire.booter.ForkedBooter.run(ForkedBooter.java:507)
	at org.apache.maven.surefire.booter.ForkedBooter.main(ForkedBooter.java:495)
</pre></div></td>
<td>0</td>
<td>MainRunnerTest@7ae42ce3</td></tr>
</table><p>
<table width='100%' border='1' class='invocation-passed'>
<tr><td colspan='4' align='center'><b>PASSED TESTS</b></td></tr>
<tr><td><b>Test method</b></td>
<td><b>Attribute(s)</b></td>
<td width="30%"><b>Exception</b></td>
<td width="10%"><b>Time (seconds)</b></td>
<td><b>Instance</b></td>
</tr>
<tr>
<td title='MainRunnerTest.testCalculateAverageAge()'><b>testCalculateAverageAge</b><br>Test class: MainRunnerTest<br>Test method: Calculate the average age of all users</td>
<td></td>
<td>0</td>
<td>MainRunnerTest@7ae42ce3</td></tr>
<tr>
<td title='MainRunnerTest.testCheckNotAllUsersOlderThan18()'><b>testCheckNotAllUsersOlderThan18</b><br>Test class: MainRunnerTest<br>Test method: Checking that NOT all users elder than 18 years</td>
<td></td>
<td>0</td>
<td>MainRunnerTest@7ae42ce3</td></tr>
<tr>
<td title='MainRunnerTest.testSortUsersByNameAndAge_FirstUser()'><b>testSortUsersByNameAndAge_FirstUser</b><br>Test class: MainRunnerTest<br>Test method: Parameterized test with check for the first user of a sorted list<br>Parameters: Belinda, 60</td>
<td></td>
<td>0</td>
<td>MainRunnerTest@7ae42ce3</td></tr>
<tr>
<td title='MainRunnerTest.testCheckUsersWithSorA()'><b>testCheckUsersWithSorA</b><br>Test class: MainRunnerTest<br>Test method: Negative test for checking users, returning an empty list<br>Parameters: []</td>
<td></td>
<td>0</td>
<td>MainRunnerTest@7ae42ce3</td></tr>
<tr>
<td title='MainRunnerTest.testSortUsersByNameAndAge_SeventhUser()'><b>testSortUsersByNameAndAge_SeventhUser</b><br>Test class: MainRunnerTest<br>Test method: Parameterized test with check for the seventh user of a sorted list<br>Parameters: Keanu, 15</td>
<td></td>
<td>0</td>
<td>MainRunnerTest@7ae42ce3</td></tr>
<tr>
<td title='MainRunnerTest.testSortUsersByAgeSecondCase()'><b>testSortUsersByAgeSecondCase</b><br>Test class: MainRunnerTest<br>Test method: Checking each user from the list for age after sorting with an interval of 5 years</td>
<td></td>
<td>0</td>
<td>MainRunnerTest@7ae42ce3</td></tr>
<tr>
<td title='MainRunnerTest.testSortUsersByAgeFirstCase()'><b>testSortUsersByAgeFirstCase</b><br>Test class: MainRunnerTest<br>Test method: Checking the first and last user for age after sorting</td>
<td></td>
<td>0</td>
<td>MainRunnerTest@7ae42ce3</td></tr>
<tr>
<td title='MainRunnerTest.testTotalAgeLessThan400()'><b>testTotalAgeLessThan400</b><br>Test class: MainRunnerTest<br>Test method: Checking that the total age is less than 400 years</td>
<td></td>
<td>0</td>
<td>MainRunnerTest@7ae42ce3</td></tr>
</table><p>
</body>
</html>